May 22, 2017 11:23:03 PM codeu.chat.ClientMain main
INFO: ============================= START OF LOG =============================
May 22, 2017 11:23:03 PM codeu.chat.ClientMain main
INFO: Starting chat client...
May 22, 2017 11:23:03 PM codeu.chat.ClientMain main
INFO: Creating client...
May 22, 2017 11:23:03 PM codeu.chat.ClientMain main
INFO: Created client
May 25, 2017 1:34:47 AM codeu.chat.ClientMain main
INFO: ============================= START OF LOG =============================
May 25, 2017 1:34:47 AM codeu.chat.ClientMain main
INFO: Starting chat client...
May 25, 2017 1:34:47 AM codeu.chat.ClientMain main
INFO: Creating client...
May 25, 2017 1:34:47 AM codeu.chat.ClientMain main
INFO: Created client
May 25, 2017 1:52:23 AM codeu.chat.client.core.Controller newUser
INFO: newUser: Request completed.
May 25, 2017 1:52:23 AM codeu.chat.client.core.Controller newUser
INFO: newUser: Response completed.
May 25, 2017 1:56:06 AM codeu.chat.ClientMain main
INFO: ============================= START OF LOG =============================
May 25, 2017 1:56:06 AM codeu.chat.ClientMain main
INFO: Starting chat client...
May 25, 2017 1:56:06 AM codeu.chat.ClientMain main
INFO: Creating client...
May 25, 2017 1:56:06 AM codeu.chat.ClientMain main
INFO: Created client
May 25, 2017 1:56:23 AM codeu.chat.ClientMain main
INFO: ============================= START OF LOG =============================
May 25, 2017 1:56:23 AM codeu.chat.ClientMain main
INFO: Starting chat client...
May 25, 2017 1:56:23 AM codeu.chat.ClientMain main
INFO: Creating client...
May 25, 2017 1:56:23 AM codeu.chat.ClientMain main
INFO: Created client
May 25, 2017 2:00:24 AM codeu.chat.ClientMain main
INFO: ============================= START OF LOG =============================
May 25, 2017 2:00:24 AM codeu.chat.ClientMain main
INFO: Starting chat client...
May 25, 2017 2:00:24 AM codeu.chat.ClientMain main
INFO: Creating client...
May 25, 2017 2:00:24 AM codeu.chat.ClientMain main
INFO: Created client
May 25, 2017 2:29:44 AM codeu.chat.ClientMain main
INFO: ============================= START OF LOG =============================
May 25, 2017 2:29:44 AM codeu.chat.ClientMain main
INFO: Starting chat client...
May 25, 2017 2:29:44 AM codeu.chat.ClientMain main
INFO: Creating client...
May 25, 2017 2:29:44 AM codeu.chat.ClientMain main
INFO: Created client
May 25, 2017 2:31:21 AM codeu.chat.ClientMain main
INFO: ============================= START OF LOG =============================
May 25, 2017 2:31:21 AM codeu.chat.ClientMain main
INFO: Starting chat client...
May 25, 2017 2:31:21 AM codeu.chat.ClientMain main
INFO: Creating client...
May 25, 2017 2:31:21 AM codeu.chat.ClientMain main
INFO: Created client
