May 22, 2017 11:21:33 PM codeu.chat.ServerMain main
INFO: ============================= START OF LOG =============================
May 22, 2017 11:21:33 PM codeu.chat.ServerMain main
INFO: Starting server...
May 22, 2017 11:21:34 PM codeu.chat.ServerMain runServer
INFO: Created server.
May 22, 2017 11:21:34 PM codeu.chat.server.Server$9 run
INFO: Reading update from relay...
May 22, 2017 11:21:34 PM codeu.chat.ServerMain runServer
INFO: Established connection...
May 22, 2017 11:21:39 PM codeu.chat.server.Server$9 run
INFO: Reading update from relay...
May 22, 2017 11:21:44 PM codeu.chat.server.Server$9 run
INFO: Reading update from relay...
May 22, 2017 11:21:49 PM codeu.chat.server.Server$9 run
INFO: Reading update from relay...
May 22, 2017 11:21:54 PM codeu.chat.server.Server$9 run
INFO: Reading update from relay...
May 22, 2017 11:21:59 PM codeu.chat.server.Server$9 run
INFO: Reading update from relay...
May 22, 2017 11:22:04 PM codeu.chat.server.Server$9 run
INFO: Reading update from relay...
May 22, 2017 11:22:09 PM codeu.chat.server.Server$9 run
INFO: Reading update from relay...
May 22, 2017 11:22:14 PM codeu.chat.server.Server$9 run
INFO: Reading update from relay...
May 22, 2017 11:22:19 PM codeu.chat.server.Server$9 run
INFO: Reading update from relay...
May 22, 2017 11:22:24 PM codeu.chat.server.Server$9 run
INFO: Reading update from relay...
May 22, 2017 11:22:29 PM codeu.chat.server.Server$9 run
INFO: Reading update from relay...
May 22, 2017 11:22:34 PM codeu.chat.server.Server$9 run
INFO: Reading update from relay...
May 22, 2017 11:22:39 PM codeu.chat.server.Server$9 run
INFO: Reading update from relay...
May 22, 2017 11:22:44 PM codeu.chat.server.Server$9 run
INFO: Reading update from relay...
May 22, 2017 11:22:49 PM codeu.chat.server.Server$9 run
INFO: Reading update from relay...
May 22, 2017 11:22:54 PM codeu.chat.server.Server$9 run
INFO: Reading update from relay...
May 22, 2017 11:22:59 PM codeu.chat.server.Server$9 run
INFO: Reading update from relay...
May 22, 2017 11:23:04 PM codeu.chat.server.Server$9 run
INFO: Reading update from relay...
May 22, 2017 11:23:05 PM codeu.chat.ServerMain runServer
INFO: Connection established.
May 22, 2017 11:23:05 PM codeu.chat.ServerMain runServer
INFO: Established connection...
May 22, 2017 11:23:05 PM codeu.chat.server.Server$10 run
INFO: Handling connection...
May 22, 2017 11:23:05 PM codeu.chat.server.Server$10 run
INFO: Connection accepted
May 22, 2017 11:23:09 PM codeu.chat.server.Server$9 run
INFO: Reading update from relay...
May 22, 2017 11:23:11 PM codeu.chat.ServerMain runServer
INFO: Connection established.
May 22, 2017 11:23:11 PM codeu.chat.ServerMain runServer
INFO: Established connection...
May 22, 2017 11:23:11 PM codeu.chat.server.Server$10 run
INFO: Handling connection...
May 22, 2017 11:23:11 PM codeu.chat.server.Server$10 run
INFO: Connection accepted
May 22, 2017 11:23:14 PM codeu.chat.server.Server$9 run
INFO: Reading update from relay...
May 22, 2017 11:23:15 PM codeu.chat.ServerMain runServer
INFO: Connection established.
May 22, 2017 11:23:15 PM codeu.chat.server.Server$10 run
INFO: Handling connection...
May 22, 2017 11:23:15 PM codeu.chat.server.Server$10 run
INFO: Connection accepted
May 22, 2017 11:23:15 PM codeu.chat.ServerMain runServer
INFO: Established connection...
May 22, 2017 11:23:19 PM codeu.chat.server.Server$9 run
INFO: Reading update from relay...
May 22, 2017 11:23:24 PM codeu.chat.server.Server$9 run
INFO: Reading update from relay...
May 22, 2017 11:23:28 PM codeu.chat.ServerMain runServer
INFO: Connection established.
May 22, 2017 11:23:28 PM codeu.chat.server.Server$10 run
INFO: Handling connection...
May 22, 2017 11:23:28 PM codeu.chat.ServerMain runServer
INFO: Established connection...
May 22, 2017 11:23:28 PM codeu.chat.server.Server$10 run
INFO: Connection accepted
May 22, 2017 11:23:29 PM codeu.chat.server.Server$9 run
INFO: Reading update from relay...
May 22, 2017 11:23:34 PM codeu.chat.server.Server$9 run
INFO: Reading update from relay...
May 22, 2017 11:23:39 PM codeu.chat.server.Server$9 run
INFO: Reading update from relay...
May 22, 2017 11:23:40 PM codeu.chat.ServerMain runServer
INFO: Connection established.
May 22, 2017 11:23:40 PM codeu.chat.server.Server$10 run
INFO: Handling connection...
May 22, 2017 11:23:40 PM codeu.chat.ServerMain runServer
INFO: Established connection...
May 22, 2017 11:23:40 PM codeu.chat.server.Server$10 run
INFO: Connection accepted
May 22, 2017 11:23:44 PM codeu.chat.server.Server$9 run
INFO: Reading update from relay...
May 22, 2017 11:23:49 PM codeu.chat.server.Server$9 run
INFO: Reading update from relay...
